#
# There is insufficient memory for the Java Runtime Environment to continue.
# Native memory allocation (mmap) failed to map 268435456 bytes for G1 virtual space
# Possible reasons:
#   The system is out of physical RAM or swap space
#   The process is running with CompressedOops enabled, and the Java Heap may be blocking the growth of the native heap
# Possible solutions:
#   Reduce memory load on the system
#   Increase physical memory or swap space
#   Check if swap backing store is full
#   Decrease Java heap size (-Xmx/-Xms)
#   Decrease number of Java threads
#   Decrease Java thread stack sizes (-Xss)
#   Set larger code cache with -XX:ReservedCodeCacheSize=
#   JVM is running with Zero Based Compressed Oops mode in which the Java heap is
#     placed in the first 32GB address space. The Java Heap base address is the
#     maximum limit for the native heap growth. Please use -XX:HeapBaseMinAddress
#     to set the Java Heap base and to place the Java Heap above 32GB virtual address.
# This output file may be truncated or incomplete.
#
#  Out of Memory Error (os_windows.cpp:3469), pid=21592, tid=20732
#
# JRE version:  (17.0.1+12) (build )
# Java VM: OpenJDK 64-Bit Server VM (17.0.1+12-39, mixed mode, sharing, tiered, compressed oops, compressed class ptrs, g1 gc, windows-amd64)
# No core dump will be written. Minidumps are not enabled by default on client versions of Windows
#

---------------  S U M M A R Y ------------

Command Line: -javaagent:C:\Program Files\JetBrains\IntelliJ IDEA Community Edition 2021.2.3\lib\idea_rt.jar=51544:C:\Program Files\JetBrains\IntelliJ IDEA Community Edition 2021.2.3\bin -Dfile.encoding=UTF-8 com.leverx.main.Main

Host: Intel(R) Core(TM) i7-4700MQ CPU @ 2.40GHz, 8 cores, 15G,  Windows 10 , 64 bit Build 17763 (10.0.17763.1)
Time: Sun Nov 14 20:16:25 2021 Беларусь (зима) elapsed time: 0.013047 seconds (0d 0h 0m 0s)

---------------  T H R E A D  ---------------

Current thread (0x000001e87e937860):  JavaThread "Unknown thread" [_thread_in_vm, id=20732, stack(0x00000066c5000000,0x00000066c5100000)]

Stack: [0x00000066c5000000,0x00000066c5100000]
Native frames: (J=compiled Java code, j=interpreted, Vv=VM code, C=native code)
V  [jvm.dll+0x66fa1a]
V  [jvm.dll+0x7ce5a4]
V  [jvm.dll+0x7cfd4e]
V  [jvm.dll+0x7d03b3]
V  [jvm.dll+0x242b05]
V  [jvm.dll+0x66ca39]
V  [jvm.dll+0x661502]
V  [jvm.dll+0x30081b]
V  [jvm.dll+0x307da6]
V  [jvm.dll+0x357a1e]
V  [jvm.dll+0x357c4f]
V  [jvm.dll+0x2d7ad8]
V  [jvm.dll+0x2d8a44]
V  [jvm.dll+0x7a01e1]
V  [jvm.dll+0x365791]
V  [jvm.dll+0x77f6cc]
V  [jvm.dll+0x3e812f]
V  [jvm.dll+0x3e9bd1]
C  [jli.dll+0x527b]
C  [ucrtbase.dll+0x203ba]
C  [KERNEL32.DLL+0x17e94]
C  [ntdll.dll+0x67ad1]


---------------  P R O C E S S  ---------------

Threads class SMR info:
_java_thread_list=0x00007ffd5ed97818, length=0, elements={
}

Java Threads: ( => current thread )

Other Threads:
  0x000001e87e988760 GCTaskThread "GC Thread#0" [stack: 0x00000066c5100000,0x00000066c5200000] [id=21604]
  0x000001e87e99a490 ConcurrentGCThread "G1 Main Marker" [stack: 0x00000066c5200000,0x00000066c5300000] [id=22660]
  0x000001e87e99b970 ConcurrentGCThread "G1 Conc#0" [stack: 0x00000066c5300000,0x00000066c5400000] [id=2404]

[error occurred during error reporting (printing all threads), id 0xc0000005, EXCEPTION_ACCESS_VIOLATION (0xc0000005) at pc=0x00007ffd5e5e84b7]

VM state: not at safepoint (not fully initialized)

VM Mutex/Monitor currently owned by a thread:  ([mutex/lock_event])
[0x000001e87e9327a0] Heap_lock - owner thread: 0x000001e87e937860

Heap address: 0x0000000701200000, size: 4078 MB, Compressed Oops mode: Zero based, Oop shift amount: 3

CDS archive(s) mapped at: [0x0000000000000000-0x0000000000000000-0x0000000000000000), size 0, SharedBaseAddress: 0x0000000800000000, ArchiveRelocationMode: 0.
Narrow klass base: 0x0000000000000000, Narrow klass shift: 0, Narrow klass range: 0x0

GC Precious Log:
<Empty>

Heap:
 garbage-first heap   total 0K, used 0K [0x0000000701200000, 0x0000000800000000)
  region size 2048K, 0 young (0K), 0 survivors (0K)

[error occurred during error reporting (printing heap information), id 0xc0000005, EXCEPTION_ACCESS_VIOLATION (0xc0000005) at pc=0x00007ffd5e9c8d89]

GC Heap History (0 events):
No events

Deoptimization events (0 events):
No events

Classes unloaded (0 events):
No events

Classes redefined (0 events):
No events

Internal exceptions (0 events):
No events

VM Operations (0 events):
No events

Events (1 events):
Event: 0.008 Loaded shared library C:\Users\User\.jdks\openjdk-17.0.1\bin\java.dll


Dynamic libraries:
0x00007ff7b5e60000 - 0x00007ff7b5e6e000 	C:\Users\User\.jdks\openjdk-17.0.1\bin\java.exe
0x00007ffdb2930000 - 0x00007ffdb2b1d000 	C:\Windows\SYSTEM32\ntdll.dll
0x00007ffdb2030000 - 0x00007ffdb20e3000 	C:\Windows\System32\KERNEL32.DLL
0x00007ffdaeec0000 - 0x00007ffdaf153000 	C:\Windows\System32\KERNELBASE.dll
0x00007ffdaf230000 - 0x00007ffdaf32c000 	C:\Windows\System32\ucrtbase.dll
0x00007ffda3d10000 - 0x00007ffda3d28000 	C:\Users\User\.jdks\openjdk-17.0.1\bin\jli.dll
0x00007ffda3cf0000 - 0x00007ffda3d0a000 	C:\Users\User\.jdks\openjdk-17.0.1\bin\VCRUNTIME140.dll
0x00007ffdb0660000 - 0x00007ffdb07f7000 	C:\Windows\System32\USER32.dll
0x00007ffda00b0000 - 0x00007ffda0329000 	C:\Windows\WinSxS\amd64_microsoft.windows.common-controls_6595b64144ccf1df_6.0.17763.55_none_bfabd67a2c8ec77e\COMCTL32.dll
0x00007ffdaecc0000 - 0x00007ffdaece0000 	C:\Windows\System32\win32u.dll
0x00007ffdb0a80000 - 0x00007ffdb0b1e000 	C:\Windows\System32\msvcrt.dll
0x00007ffdb0580000 - 0x00007ffdb05a9000 	C:\Windows\System32\GDI32.dll
0x00007ffdaeaa0000 - 0x00007ffdaec3a000 	C:\Windows\System32\gdi32full.dll
0x00007ffdafc80000 - 0x00007ffdaffae000 	C:\Windows\System32\combase.dll
0x00007ffdaea00000 - 0x00007ffdaeaa0000 	C:\Windows\System32\msvcp_win.dll
0x00007ffdb0950000 - 0x00007ffdb0a73000 	C:\Windows\System32\RPCRT4.dll
0x00007ffdaec40000 - 0x00007ffdaecbe000 	C:\Windows\System32\bcryptPrimitives.dll
0x00007ffdb2790000 - 0x00007ffdb27be000 	C:\Windows\System32\IMM32.DLL
0x00007ffdad7f0000 - 0x00007ffdad83b000 	C:\Windows\SYSTEM32\AvCNG.dll
0x00007ffdafb60000 - 0x00007ffdafc03000 	C:\Windows\System32\ADVAPI32.dll
0x00007ffdb26f0000 - 0x00007ffdb278e000 	C:\Windows\System32\sechost.dll
0x00007ffdaf330000 - 0x00007ffdaf356000 	C:\Windows\System32\bcrypt.dll
0x00007ffdad550000 - 0x00007ffdad5db000 	C:\Program Files\Common Files\Avest\Avest CSP\avsspc.dll
0x00007ffdb2840000 - 0x00007ffdb2892000 	C:\Windows\System32\SHLWAPI.dll
0x00007ffdaaff0000 - 0x00007ffdaaffc000 	C:\Users\User\.jdks\openjdk-17.0.1\bin\vcruntime140_1.dll
0x00007ffd9edb0000 - 0x00007ffd9ee3d000 	C:\Users\User\.jdks\openjdk-17.0.1\bin\msvcp140.dll
0x00007ffd5e300000 - 0x00007ffd5eebe000 	C:\Users\User\.jdks\openjdk-17.0.1\bin\server\jvm.dll
0x00007ffdb0010000 - 0x00007ffdb0018000 	C:\Windows\System32\PSAPI.DLL
0x00007ffd92a70000 - 0x00007ffd92a79000 	C:\Windows\SYSTEM32\WSOCK32.dll
0x00007ffda9f70000 - 0x00007ffda9f7a000 	C:\Windows\SYSTEM32\VERSION.dll
0x00007ffdb0020000 - 0x00007ffdb008d000 	C:\Windows\System32\WS2_32.dll
0x00007ffdab600000 - 0x00007ffdab624000 	C:\Windows\SYSTEM32\WINMM.dll
0x00007ffdab580000 - 0x00007ffdab5ad000 	C:\Windows\SYSTEM32\WINMMBASE.dll
0x00007ffdaf360000 - 0x00007ffdaf3aa000 	C:\Windows\System32\cfgmgr32.dll
0x00007ffdae9b0000 - 0x00007ffdae9c1000 	C:\Windows\System32\kernel.appcore.dll
0x00007ffda3ce0000 - 0x00007ffda3cea000 	C:\Users\User\.jdks\openjdk-17.0.1\bin\jimage.dll
0x00007ffd9a870000 - 0x00007ffd9aa5d000 	C:\Windows\SYSTEM32\DBGHELP.DLL
0x00007ffd838d0000 - 0x00007ffd838fa000 	C:\Windows\SYSTEM32\dbgcore.DLL
0x00007ffd9eda0000 - 0x00007ffd9edae000 	C:\Users\User\.jdks\openjdk-17.0.1\bin\instrument.dll
0x00007ffd9f450000 - 0x00007ffd9f475000 	C:\Users\User\.jdks\openjdk-17.0.1\bin\java.dll

dbghelp: loaded successfully - version: 4.0.5 - missing functions: none
symbol engine: initialized successfully - sym options: 0x614 - pdb path: .;C:\Users\User\.jdks\openjdk-17.0.1\bin;C:\Windows\SYSTEM32;C:\Windows\WinSxS\amd64_microsoft.windows.common-controls_6595b64144ccf1df_6.0.17763.55_none_bfabd67a2c8ec77e;C:\Program Files\Common Files\Avest\Avest CSP;C:\Users\User\.jdks\openjdk-17.0.1\bin\server

VM Arguments:
jvm_args: -javaagent:C:\Program Files\JetBrains\IntelliJ IDEA Community Edition 2021.2.3\lib\idea_rt.jar=51544:C:\Program Files\JetBrains\IntelliJ IDEA Community Edition 2021.2.3\bin -Dfile.encoding=UTF-8 
java_command: com.leverx.main.Main
java_class_path (initial): D:\!!!  LeverX\CrossAndZeros\out\production\CrossAndZeros
Launcher Type: SUN_STANDARD

[Global flags]
     intx CICompilerCount                          = 4                                         {product} {ergonomic}
     uint ConcGCThreads                            = 2                                         {product} {ergonomic}
     uint G1ConcRefinementThreads                  = 8                                         {product} {ergonomic}
   size_t G1HeapRegionSize                         = 2097152                                   {product} {ergonomic}
    uintx GCDrainStackTargetSize                   = 64                                        {product} {ergonomic}
   size_t InitialHeapSize                          = 268435456                                 {product} {ergonomic}
   size_t MarkStackSize                            = 4194304                                   {product} {ergonomic}
   size_t MaxHeapSize                              = 4276092928                                {product} {ergonomic}
   size_t MinHeapDeltaBytes                        = 2097152                                   {product} {ergonomic}
   size_t MinHeapSize                              = 8388608                                   {product} {ergonomic}
    uintx NonNMethodCodeHeapSize                   = 5839372                                {pd product} {ergonomic}
    uintx NonProfiledCodeHeapSize                  = 122909434                              {pd product} {ergonomic}
    uintx ProfiledCodeHeapSize                     = 122909434                              {pd product} {ergonomic}
    uintx ReservedCodeCacheSize                    = 251658240                              {pd product} {ergonomic}
     bool SegmentedCodeCache                       = true                                      {product} {ergonomic}
   size_t SoftMaxHeapSize                          = 4276092928                             {manageable} {ergonomic}
     bool UseCompressedClassPointers               = true                           {product lp64_product} {ergonomic}
     bool UseCompressedOops                        = true                           {product lp64_product} {ergonomic}
     bool UseG1GC                                  = true                                      {product} {ergonomic}
     bool UseLargePagesIndividualAllocation        = false                                  {pd product} {ergonomic}

Logging:
Log output configuration:
 #0: stdout all=warning uptime,level,tags
 #1: stderr all=off uptime,level,tags

Environment Variables:
JAVA_HOME=C:\Program Files\Java\jre1.8.0_291
PATH=C:\Python39\Scripts\;C:\Python39\;C:\Program Files (x86)\Common Files\Intel\Shared Files\cpp\bin\Intel64;C:\Program Files (x86)\Common Files\Oracle\Java\javapath;C:\Program Files (x86)\Common Files\Intel\Shared Libraries\redist\intel64\compiler;C:\Windows\system32;C:\Windows;C:\Windows\System32\Wbem;C:\Windows\System32\WindowsPowerShell\v1.0\;C:\Windows\System32\OpenSSH\;C:\Program Files (x86)\QuickTime Alternative\QTSystem;C:\Program Files (x86)\QuickTime Alternative\QTSystem\;C:\Program Files\Common Files\Autodesk Shared\;C:\Program Files\Microsoft SQL Server\120\Tools\Binn\;C:\Program Files\Microsoft SQL Server\Client SDK\ODBC\110\Tools\Binn\;C:\Program Files (x86)\Microsoft SQL Server\120\Tools\Binn\;C:\Program Files\Microsoft SQL Server\120\DTS\Binn\;C:\Program Files (x86)\Windows Kits\8.1\Windows Performance Toolkit\;C:\Program Files (x86)\Avest\AvPCM_nces;C:\Program Files (x86)\Bank BelVEB\BVEB Internet Bank Agent\Avest;C:\Program Files\NVIDIA Corporation\NVIDIA NvDLISR;C:\Program Files (x86)\NVIDIA Corporation\PhysX\Common;C:\Program Files\Docker\Docker\resources\bin;C:\ProgramData\DockerDesktop\version-bin;C:\Program Files (x86)\GtkSharp\2.12\bin;C:\Program Files\dotnet\;C:\Program Files\Microsoft SQL Server\130\Tools\Binn\;C:\Program Files\Microsoft SQL Server\Client SDK\ODBC\170\Tools\Binn\;C:\Program Files\Git\cmd;C:\ProgramData\chocolatey\bin;C:\Program Files\nodejs\;C:\Users\User\AppData\Local\Microsoft\WindowsApps;;C:\Program Files\JetBrains\IntelliJ IDEA 2021.2.3\bin;;C:\Users\User\.dotnet\tools;C:\Users\User\AppData\Roaming\npm;C:\Program Files\JetBrains\WebStorm 2021.2\bin;;C:\Program Files\JetBrains\IntelliJ IDEA Community Edition 2021.2.3\bin;
USERNAME=User
OS=Windows_NT
PROCESSOR_IDENTIFIER=Intel64 Family 6 Model 60 Stepping 3, GenuineIntel



---------------  S Y S T E M  ---------------

OS:
 Windows 10 , 64 bit Build 17763 (10.0.17763.1)
OS uptime: 1 days 23:02 hours
Hyper-V role detected

CPU: total 8 (initial active 8) (4 cores per cpu, 2 threads per core) family 6 model 60 stepping 3 microcode 0x24, cx8, cmov, fxsr, ht, mmx, sse, sse2, sse3, ssse3, sse4.1, sse4.2, popcnt, lzcnt, tsc, tscinvbit, avx, avx2, aes, erms, clmul, bmi1, bmi2, fma, vzeroupper, clflush, hv

Memory: 4k page, system-wide physical 16304M (5566M free)
TotalPageFile size 39448M (AvailPageFile size 122M)
current process WorkingSet (physical memory assigned to process): 11M, peak: 11M
current process commit charge ("private bytes"): 60M, peak: 316M

vm_info: OpenJDK 64-Bit Server VM (17.0.1+12-39) for windows-amd64 JRE (17.0.1+12-39), built on Sep 27 2021 18:39:29 by "mach5one" with MS VC++ 16.8 (VS2019)

END.
